0 info it worked if it ends with ok
1 verbose cli [ 'C:\\Program Files\\nodejs\\node.exe',
1 verbose cli   'C:\\Users\\David\\AppData\\Roaming\\npm\\node_modules\\npm\\bin\\npm-cli.js',
1 verbose cli   'run',
1 verbose cli   'build' ]
2 info using npm@3.7.1
3 info using node@v4.2.4
4 verbose run-script [ 'prebuild', 'build', 'postbuild' ]
5 info lifecycle bold-invaders@0.0.1~prebuild: bold-invaders@0.0.1
6 silly lifecycle bold-invaders@0.0.1~prebuild: no script for prebuild, continuing
7 info lifecycle bold-invaders@0.0.1~build: bold-invaders@0.0.1
8 verbose lifecycle bold-invaders@0.0.1~build: unsafe-perm in lifecycle true
9 verbose lifecycle bold-invaders@0.0.1~build: PATH: C:\Users\David\AppData\Roaming\npm\node_modules\npm\bin\node-gyp-bin;c:\xampp\htdocs\bold-invaders\node_modules\.bin;C:\Program Files\nodejs;C:\Program Files (x86)\ActiveState Komodo Edit 9\;C:\ProgramData\Oracle\Java\javapath;C:\WINDOWS\system32;C:\WINDOWS;C:\WINDOWS\System32\Wbem;C:\WINDOWS\System32\WindowsPowerShell\v1.0\;C:\Users\David\AppData\Local\Android\android-sdk;C:\Users\David\Downloads\apache-ant-1.9.5-bin\apache-ant-1.9.5/bin;C:\Program Files (x86)\Skype\Phone\;C:\Program Files (x86)\NVIDIA Corporation\PhysX\Common;C:\Program Files (x86)\QuickTime\QTSystem\;C:\WINDOWS\system32;C:\WINDOWS;C:\WINDOWS\System32\Wbem;C:\WINDOWS\System32\WindowsPowerShell\v1.0\;C:\Program Files\nodejs\;C:\Program Files\Microsoft SQL Server\120\Tools\Binn\;C:\Program Files (x86)\Windows Kits\10\Windows Performance Toolkit\;C:\Program Files\Microsoft\Web Platform Installer\;C:\xampp\php;C:\ProgramData\ComposerSetup\bin;G:\sqlite3;C:\Users\David\AppData\Local\atom\bin;C:\Program Files (x86)\Microsoft VS Code\bin;C:\Users\David\AppData\Roaming\npm;C:\Users\David\.composer\vendor\bin;~/.composer/vendor/bin;C:\Users\David\AppData\Roaming\Composer\vendor\bin;C:\Users\David\AppData\Local\Android\android-sdk;C:\Users\David\Downloads\apache-ant-1.9.5-bin\apache-ant-1.9.5/bin;G:\sqlite3;C:\Users\David\AppData\Local\atom\bin;C:\Program Files (x86)\Microsoft VS Code\bin;C:\Users\David\AppData\Roaming\npm
10 verbose lifecycle bold-invaders@0.0.1~build: CWD: c:\xampp\htdocs\bold-invaders
11 silly lifecycle bold-invaders@0.0.1~build: Args: [ '/d /s /c', 'tsc' ]
12 silly lifecycle bold-invaders@0.0.1~build: Returned: code: 2  signal: null
13 info lifecycle bold-invaders@0.0.1~build: Failed to exec build script
14 verbose stack Error: bold-invaders@0.0.1 build: `tsc`
14 verbose stack Exit status 2
14 verbose stack     at EventEmitter.<anonymous> (C:\Users\David\AppData\Roaming\npm\node_modules\npm\lib\utils\lifecycle.js:239:16)
14 verbose stack     at emitTwo (events.js:87:13)
14 verbose stack     at EventEmitter.emit (events.js:172:7)
14 verbose stack     at ChildProcess.<anonymous> (C:\Users\David\AppData\Roaming\npm\node_modules\npm\lib\utils\spawn.js:24:14)
14 verbose stack     at emitTwo (events.js:87:13)
14 verbose stack     at ChildProcess.emit (events.js:172:7)
14 verbose stack     at maybeClose (internal/child_process.js:818:16)
14 verbose stack     at Process.ChildProcess._handle.onexit (internal/child_process.js:211:5)
15 verbose pkgid bold-invaders@0.0.1
16 verbose cwd c:\xampp\htdocs\bold-invaders
17 error Windows_NT 10.0.10586
18 error argv "C:\\Program Files\\nodejs\\node.exe" "C:\\Users\\David\\AppData\\Roaming\\npm\\node_modules\\npm\\bin\\npm-cli.js" "run" "build"
19 error node v4.2.4
20 error npm  v3.7.1
21 error code ELIFECYCLE
22 error bold-invaders@0.0.1 build: `tsc`
22 error Exit status 2
23 error Failed at the bold-invaders@0.0.1 build script 'tsc'.
23 error Make sure you have the latest version of node.js and npm installed.
23 error If you do, this is most likely a problem with the bold-invaders package,
23 error not with npm itself.
23 error Tell the author that this fails on your system:
23 error     tsc
23 error You can get information on how to open an issue for this project with:
23 error     npm bugs bold-invaders
23 error Or if that isn't available, you can get their info via:
23 error     npm owner ls bold-invaders
23 error There is likely additional logging output above.
24 verbose exit [ 1, true ]
